#
# There is insufficient memory for the Java Runtime Environment to continue.
# Native memory allocation (malloc) failed to allocate 1025744 bytes for Chunk::new
# Possible reasons:
#   The system is out of physical RAM or swap space
#   The process is running with CompressedOops enabled, and the Java Heap may be blocking the growth of the native heap
# Possible solutions:
#   Reduce memory load on the system
#   Increase physical memory or swap space
#   Check if swap backing store is full
#   Decrease Java heap size (-Xmx/-Xms)
#   Decrease number of Java threads
#   Decrease Java thread stack sizes (-Xss)
#   Set larger code cache with -XX:ReservedCodeCacheSize=
#   JVM is running with Unscaled Compressed Oops mode in which the Java heap is
#     placed in the first 4GB address space. The Java Heap base address is the
#     maximum limit for the native heap growth. Please use -XX:HeapBaseMinAddress
#     to set the Java Heap base and to place the Java Heap above 4GB virtual address.
# This output file may be truncated or incomplete.
#
#  Out of Memory Error (arena.cpp:191), pid=37604, tid=6988
#
# JRE version: OpenJDK Runtime Environment (17.0.9) (build 17.0.9+0--11185874)
# Java VM: OpenJDK 64-Bit Server VM (17.0.9+0--11185874, mixed mode, tiered, compressed oops, compressed class ptrs, g1 gc, windows-amd64)
# No core dump will be written. Minidumps are not enabled by default on client versions of Windows
#

---------------  S U M M A R Y ------------

Command Line: --add-opens=java.base/java.util=ALL-UNNAMED --add-opens=java.base/java.lang=ALL-UNNAMED --add-opens=java.base/java.lang.invoke=ALL-UNNAMED --add-opens=java.prefs/java.util.prefs=ALL-UNNAMED --add-opens=java.base/java.nio.charset=ALL-UNNAMED --add-opens=java.base/java.net=ALL-UNNAMED --add-opens=java.base/java.util.concurrent.atomic=ALL-UNNAMED -Xmx2048m -Dfile.encoding=UTF-8 -Duser.country=US -Duser.language=en -Duser.variant -javaagent:C:\Users\adity\.gradle\wrapper\dists\gradle-8.4-all\56r6xik2f6skrm47et0ibifug\gradle-8.4\lib\agents\gradle-instrumentation-agent-8.4.jar org.gradle.launcher.daemon.bootstrap.GradleDaemon 8.4

Host: AMD Ryzen 9 6900HS with Radeon Graphics        , 16 cores, 15G,  Windows 11 , 64 bit Build 22621 (10.0.22621.2428)
Time: Sat Apr 20 13:03:17 2024 Central Daylight Time elapsed time: 26.230009 seconds (0d 0h 0m 26s)

---------------  T H R E A D  ---------------

Current thread (0x000001616be56050):  JavaThread "C2 CompilerThread1" daemon [_thread_in_native, id=6988, stack(0x000000179c400000,0x000000179c500000)]


Current CompileTask:
C2:  26230 10983       4       org.gradle.internal.snapshot.AbstractListChildMap::store (72 bytes)

Stack: [0x000000179c400000,0x000000179c500000]
Native frames: (J=compiled Java code, j=interpreted, Vv=VM code, C=native code)
V  [jvm.dll+0x6886e9]
V  [jvm.dll+0x841e4a]
V  [jvm.dll+0x843a8e]
V  [jvm.dll+0x8440f3]
V  [jvm.dll+0x24c14f]
V  [jvm.dll+0xac44c]
V  [jvm.dll+0xaca9c]
V  [jvm.dll+0x36c1f7]
V  [jvm.dll+0x33651a]
V  [jvm.dll+0x3359ba]
V  [jvm.dll+0x21ddb1]
V  [jvm.dll+0x21d1d1]
V  [jvm.dll+0x1a674d]
V  [jvm.dll+0x22d088]
V  [jvm.dll+0x22b1c0]
V  [jvm.dll+0x7f62f7]
V  [jvm.dll+0x7f06aa]
V  [jvm.dll+0x687565]
C  [ucrtbase.dll+0x29363]
C  [KERNEL32.DLL+0x1257d]
C  [ntdll.dll+0x5aa78]


---------------  P R O C E S S  ---------------

Threads class SMR info:
_java_thread_list=0x0000016170970f70, length=95, elements={
0x000001614afa3d80, 0x0000016165a2a820, 0x0000016165a36d10, 0x0000016165a7d8e0,
0x0000016165a7e4a0, 0x0000016165a7f330, 0x0000016165a835c0, 0x0000016165ac1af0,
0x0000016165ac64d0, 0x0000016165ad7690, 0x0000016165b76fc0, 0x0000016165d3e1a0,
0x000001616b95b110, 0x000001616cec2bd0, 0x000001616bd2c510, 0x000001616b4bbad0,
0x000001616c79c7f0, 0x000001616b4a5c10, 0x000001616af33860, 0x000001616b0dbfc0,
0x000001616cead530, 0x000001616ceaea20, 0x000001616cb8e040, 0x000001616c1c58e0,
0x000001616d44c2e0, 0x000001616c595890, 0x000001616c5967c0, 0x000001616c599040,
0x000001616c598b30, 0x000001616c5976f0, 0x000001616c5962b0, 0x000001616c595da0,
0x000001616c596cd0, 0x000001616c597c00, 0x000001616c598620, 0x000001616cdcad10,
0x000001616cdccb70, 0x000001616cdcd080, 0x000001616cdc9de0, 0x000001616cdc7f80,
0x000001616cdca2f0, 0x000001616cdcd590, 0x000001616cdce4c0, 0x000001616cdc89a0,
0x000001616cdc8490, 0x000001616cdca800, 0x000001616cdc7560, 0x000001616cdcdaa0,
0x000001616cdcbc40, 0x000001616cdcb730, 0x000001616cdcdfb0, 0x000001616cdc93c0,
0x000001616cdcb220, 0x000001616cdc7a70, 0x000001616cdcc150, 0x000001616cdc8eb0,
0x000001616cdc7050, 0x000001616cdce9d0, 0x000001616cdc98d0, 0x000001616b0f2d10,
0x000001616b0f3730, 0x000001616b0f13c0, 0x000001616b0edc10, 0x000001616b0f22f0,
0x000001616b0f3c40, 0x000001616b0ee120, 0x000001616b0f18d0, 0x000001616b0ecce0,
0x000001616be57ae0, 0x000001616be58030, 0x000001616be55060, 0x000001616be56050,
0x000001616be565a0, 0x000001616b0f1de0, 0x000001616b0ed700, 0x000001616b0f3220,
0x000001616b0f09a0, 0x000001616b0eeb40, 0x000001616b0f0eb0, 0x000001616b0ef050,
0x000001616b0efa70, 0x000001616b0eff80, 0x000001616ef98060, 0x000001616ef9db80,
0x000001616ef9b300, 0x000001616ef9d160, 0x000001616ef9a3d0, 0x000001616ef9d670,
0x000001616ef9cc50, 0x000001616ef9e090, 0x000001616ef999b0, 0x000001616ef9f4d0,
0x000001616ef9f9e0, 0x000001616ef9e5a0, 0x000001616ef9eab0
}

Java Threads: ( => current thread )
  0x000001614afa3d80 JavaThread "main" [_thread_blocked, id=14288, stack(0x0000001796600000,0x0000001796700000)]
  0x0000016165a2a820 JavaThread "Reference Handler" daemon [_thread_blocked, id=46980, stack(0x0000001796d00000,0x0000001796e00000)]
  0x0000016165a36d10 JavaThread "Finalizer" daemon [_thread_blocked, id=28880, stack(0x0000001796e00000,0x0000001796f00000)]
  0x0000016165a7d8e0 JavaThread "Signal Dispatcher" daemon [_thread_blocked, id=22588, stack(0x0000001796f00000,0x0000001797000000)]
  0x0000016165a7e4a0 JavaThread "Attach Listener" daemon [_thread_blocked, id=30372, stack(0x0000001797000000,0x0000001797100000)]
  0x0000016165a7f330 JavaThread "Service Thread" daemon [_thread_blocked, id=43460, stack(0x0000001797100000,0x0000001797200000)]
  0x0000016165a835c0 JavaThread "Monitor Deflation Thread" daemon [_thread_blocked, id=40452, stack(0x0000001797200000,0x0000001797300000)]
  0x0000016165ac1af0 JavaThread "C2 CompilerThread0" daemon [_thread_in_native, id=45844, stack(0x0000001797300000,0x0000001797400000)]
  0x0000016165ac64d0 JavaThread "C1 CompilerThread0" daemon [_thread_blocked, id=37924, stack(0x0000001797400000,0x0000001797500000)]
  0x0000016165ad7690 JavaThread "Sweeper thread" daemon [_thread_blocked, id=47336, stack(0x0000001797500000,0x0000001797600000)]
  0x0000016165b76fc0 JavaThread "Common-Cleaner" daemon [_thread_blocked, id=47772, stack(0x0000001797600000,0x0000001797700000)]
  0x0000016165d3e1a0 JavaThread "Notification Thread" daemon [_thread_blocked, id=35864, stack(0x0000001797a00000,0x0000001797b00000)]
  0x000001616b95b110 JavaThread "Daemon health stats" [_thread_blocked, id=47224, stack(0x0000001798100000,0x0000001798200000)]
  0x000001616cec2bd0 JavaThread "Incoming local TCP Connector on port 57389" [_thread_in_native, id=21044, stack(0x0000001798200000,0x0000001798300000)]
  0x000001616bd2c510 JavaThread "Daemon periodic checks" [_thread_blocked, id=53332, stack(0x0000001798300000,0x0000001798400000)]
  0x000001616b4bbad0 JavaThread "Daemon" [_thread_blocked, id=7872, stack(0x0000001798400000,0x0000001798500000)]
  0x000001616c79c7f0 JavaThread "Handler for socket connection from /127.0.0.1:57389 to /127.0.0.1:57390" [_thread_in_native, id=27868, stack(0x0000001798500000,0x0000001798600000)]
  0x000001616b4a5c10 JavaThread "Cancel handler" [_thread_blocked, id=42980, stack(0x0000001798600000,0x0000001798700000)]
  0x000001616af33860 JavaThread "Daemon worker" [_thread_blocked, id=43124, stack(0x0000001798700000,0x0000001798800000)]
  0x000001616b0dbfc0 JavaThread "Asynchronous log dispatcher for DefaultDaemonConnection: socket connection from /127.0.0.1:57389 to /127.0.0.1:57390" [_thread_blocked, id=14768, stack(0x0000001798800000,0x0000001798900000)]
  0x000001616cead530 JavaThread "Stdin handler" [_thread_blocked, id=30900, stack(0x0000001798900000,0x0000001798a00000)]
  0x000001616ceaea20 JavaThread "Daemon client event forwarder" [_thread_blocked, id=47020, stack(0x0000001798a00000,0x0000001798b00000)]
  0x000001616cb8e040 JavaThread "Cache worker for journal cache (C:\Users\adity\.gradle\caches\journal-1)" [_thread_blocked, id=54232, stack(0x0000001799500000,0x0000001799600000)]
  0x000001616c1c58e0 JavaThread "File lock request listener" [_thread_in_native, id=40388, stack(0x0000001799600000,0x0000001799700000)]
  0x000001616d44c2e0 JavaThread "Cache worker for file hash cache (C:\Users\adity\.gradle\caches\8.4\fileHashes)" [_thread_blocked, id=42152, stack(0x0000001799700000,0x0000001799800000)]
  0x000001616c595890 JavaThread "File watcher server" daemon [_thread_in_native, id=42516, stack(0x0000001797c00000,0x0000001797d00000)]
  0x000001616c5967c0 JavaThread "File watcher consumer" daemon [_thread_blocked, id=53056, stack(0x0000001799800000,0x0000001799900000)]
  0x000001616c599040 JavaThread "Cache worker for checksums cache (C:\Users\adity\OneDrive - University of Illinois - Urbana\Freshman\Spring\PURE\FairDivisionApp\.gradle\8.4\checksums)" [_thread_blocked, id=54256, stack(0x0000001799900000,0x0000001799a00000)]
  0x000001616c598b30 JavaThread "Cache worker for file hash cache (C:\Users\adity\OneDrive - University of Illinois - Urbana\Freshman\Spring\PURE\FairDivisionApp\.gradle\8.4\fileHashes)" [_thread_blocked, id=668, stack(0x0000001799a00000,0x0000001799b00000)]
  0x000001616c5976f0 JavaThread "Cache worker for cache directory md-supplier (C:\Users\adity\.gradle\caches\8.4\md-supplier)" [_thread_blocked, id=52260, stack(0x0000001799b00000,0x0000001799c00000)]
  0x000001616c5962b0 JavaThread "Cache worker for file content cache (C:\Users\adity\.gradle\caches\8.4\fileContent)" [_thread_blocked, id=47556, stack(0x0000001799c00000,0x0000001799d00000)]
  0x000001616c595da0 JavaThread "Cache worker for cache directory md-rule (C:\Users\adity\.gradle\caches\8.4\md-rule)" [_thread_blocked, id=53720, stack(0x0000001799d00000,0x0000001799e00000)]
  0x000001616c596cd0 JavaThread "Cache worker for execution history cache (C:\Users\adity\.gradle\caches\8.4\executionHistory)" [_thread_blocked, id=51656, stack(0x0000001799e00000,0x0000001799f00000)]
  0x000001616c597c00 JavaThread "jar transforms" [_thread_blocked, id=38336, stack(0x0000001799f00000,0x000000179a000000)]
  0x000001616c598620 JavaThread "jar transforms Thread 2" [_thread_blocked, id=45032, stack(0x000000179a000000,0x000000179a100000)]
  0x000001616cdcad10 JavaThread "Cache worker for dependencies-accessors (C:\Users\adity\OneDrive - University of Illinois - Urbana\Freshman\Spring\PURE\FairDivisionApp\.gradle\8.4\dependencies-accessors)" [_thread_blocked, id=23028, stack(0x000000179a100000,0x000000179a200000)]
  0x000001616cdccb70 JavaThread "jar transforms Thread 3" [_thread_blocked, id=32892, stack(0x000000179a200000,0x000000179a300000)]
  0x000001616cdcd080 JavaThread "Cache worker for Build Output Cleanup Cache (C:\Users\adity\OneDrive - University of Illinois - Urbana\Freshman\Spring\PURE\FairDivisionApp\.gradle\buildOutputCleanup)" [_thread_blocked, id=26120, stack(0x000000179a300000,0x000000179a400000)]
  0x000001616cdc9de0 JavaThread "Unconstrained build operations" [_thread_blocked, id=52444, stack(0x000000179a400000,0x000000179a500000)]
  0x000001616cdc7f80 JavaThread "Unconstrained build operations Thread 2" [_thread_blocked, id=36756, stack(0x000000179a500000,0x000000179a600000)]
  0x000001616cdca2f0 JavaThread "Unconstrained build operations Thread 3" [_thread_blocked, id=46020, stack(0x000000179a600000,0x000000179a700000)]
  0x000001616cdcd590 JavaThread "Unconstrained build operations Thread 4" [_thread_blocked, id=28792, stack(0x000000179a700000,0x000000179a800000)]
  0x000001616cdce4c0 JavaThread "Unconstrained build operations Thread 5" [_thread_blocked, id=51524, stack(0x000000179a800000,0x000000179a900000)]
  0x000001616cdc89a0 JavaThread "Unconstrained build operations Thread 6" [_thread_blocked, id=14988, stack(0x000000179a900000,0x000000179aa00000)]
  0x000001616cdc8490 JavaThread "Unconstrained build operations Thread 7" [_thread_blocked, id=49444, stack(0x000000179aa00000,0x000000179ab00000)]
  0x000001616cdca800 JavaThread "Unconstrained build operations Thread 8" [_thread_blocked, id=15096, stack(0x000000179ab00000,0x000000179ac00000)]
  0x000001616cdc7560 JavaThread "Unconstrained build operations Thread 9" [_thread_blocked, id=51744, stack(0x000000179ac00000,0x000000179ad00000)]
  0x000001616cdcdaa0 JavaThread "Unconstrained build operations Thread 10" [_thread_blocked, id=41296, stack(0x000000179ad00000,0x000000179ae00000)]
  0x000001616cdcbc40 JavaThread "Unconstrained build operations Thread 11" [_thread_blocked, id=36008, stack(0x000000179ae00000,0x000000179af00000)]
  0x000001616cdcb730 JavaThread "Unconstrained build operations Thread 12" [_thread_blocked, id=23640, stack(0x000000179af00000,0x000000179b000000)]
  0x000001616cdcdfb0 JavaThread "Unconstrained build operations Thread 13" [_thread_blocked, id=27900, stack(0x000000179b000000,0x000000179b100000)]
  0x000001616cdc93c0 JavaThread "Unconstrained build operations Thread 14" [_thread_blocked, id=10768, stack(0x000000179b100000,0x000000179b200000)]
  0x000001616cdcb220 JavaThread "Unconstrained build operations Thread 15" [_thread_blocked, id=46740, stack(0x000000179b200000,0x000000179b300000)]
  0x000001616cdc7a70 JavaThread "jar transforms Thread 4" [_thread_blocked, id=18808, stack(0x000000179b300000,0x000000179b400000)]
  0x000001616cdcc150 JavaThread "jar transforms Thread 5" [_thread_blocked, id=50264, stack(0x000000179b400000,0x000000179b500000)]
  0x000001616cdc8eb0 JavaThread "jar transforms Thread 6" [_thread_blocked, id=17676, stack(0x000000179b500000,0x000000179b600000)]
  0x000001616cdc7050 JavaThread "jar transforms Thread 7" [_thread_blocked, id=25484, stack(0x000000179b600000,0x000000179b700000)]
  0x000001616cdce9d0 JavaThread "jar transforms Thread 8" [_thread_blocked, id=49396, stack(0x000000179b700000,0x000000179b800000)]
  0x000001616cdc98d0 JavaThread "jar transforms Thread 9" [_thread_blocked, id=52600, stack(0x000000179b800000,0x000000179b900000)]
  0x000001616b0f2d10 JavaThread "jar transforms Thread 10" [_thread_blocked, id=8764, stack(0x000000179b900000,0x000000179ba00000)]
  0x000001616b0f3730 JavaThread "jar transforms Thread 11" [_thread_blocked, id=32140, stack(0x000000179ba00000,0x000000179bb00000)]
  0x000001616b0f13c0 JavaThread "jar transforms Thread 12" [_thread_blocked, id=45540, stack(0x000000179bb00000,0x000000179bc00000)]
  0x000001616b0edc10 JavaThread "jar transforms Thread 13" [_thread_blocked, id=36848, stack(0x000000179bc00000,0x000000179bd00000)]
  0x000001616b0f22f0 JavaThread "jar transforms Thread 14" [_thread_blocked, id=4540, stack(0x000000179bd00000,0x000000179be00000)]
  0x000001616b0f3c40 JavaThread "jar transforms Thread 15" [_thread_blocked, id=17472, stack(0x000000179be00000,0x000000179bf00000)]
  0x000001616b0ee120 JavaThread "jar transforms Thread 16" [_thread_blocked, id=33744, stack(0x000000179bf00000,0x000000179c000000)]
  0x000001616b0f18d0 JavaThread "build event listener" [_thread_blocked, id=37996, stack(0x000000179c500000,0x000000179c600000)]
  0x000001616b0ecce0 JavaThread "Memory manager" [_thread_blocked, id=34100, stack(0x000000179c700000,0x000000179c800000)]
  0x000001616be57ae0 JavaThread "C1 CompilerThread1" daemon [_thread_blocked, id=880, stack(0x0000001797700000,0x0000001797800000)]
  0x000001616be58030 JavaThread "C1 CompilerThread2" daemon [_thread_blocked, id=17200, stack(0x0000001797800000,0x0000001797900000)]
  0x000001616be55060 JavaThread "C1 CompilerThread3" daemon [_thread_blocked, id=34252, stack(0x0000001797900000,0x0000001797a00000)]
=>0x000001616be56050 JavaThread "C2 CompilerThread1" daemon [_thread_in_native, id=6988, stack(0x000000179c400000,0x000000179c500000)]
  0x000001616be565a0 JavaThread "C2 CompilerThread2" daemon [_thread_in_native, id=39380, stack(0x000000179c600000,0x000000179c700000)]
  0x000001616b0f1de0 JavaThread "Exec process" [_thread_blocked, id=5396, stack(0x000000179c800000,0x000000179c900000)]
  0x000001616b0ed700 JavaThread "Exec process Thread 2" [_thread_blocked, id=36996, stack(0x000000179c900000,0x000000179ca00000)]
  0x000001616b0f3220 JavaThread "Exec process Thread 3" [_thread_blocked, id=45612, stack(0x000000179ca00000,0x000000179cb00000)]
  0x000001616b0f09a0 JavaThread "pool-3-thread-1" [_thread_blocked, id=47212, stack(0x000000179cb00000,0x000000179cc00000)]
  0x000001616b0eeb40 JavaThread "build event listener" [_thread_blocked, id=24488, stack(0x000000179cc00000,0x000000179cd00000)]
  0x000001616b0f0eb0 JavaThread "included builds" [_thread_blocked, id=51612, stack(0x000000179cd00000,0x000000179ce00000)]
  0x000001616b0ef050 JavaThread "Execution worker" [_thread_blocked, id=44072, stack(0x000000179ce00000,0x000000179cf00000)]
  0x000001616b0efa70 JavaThread "Execution worker Thread 2" [_thread_blocked, id=25364, stack(0x000000179cf00000,0x000000179d000000)]
  0x000001616b0eff80 JavaThread "Execution worker Thread 3" [_thread_blocked, id=48728, stack(0x000000179d000000,0x000000179d100000)]
  0x000001616ef98060 JavaThread "Execution worker Thread 4" [_thread_blocked, id=26644, stack(0x000000179d100000,0x000000179d200000)]
  0x000001616ef9db80 JavaThread "Execution worker Thread 5" [_thread_blocked, id=51440, stack(0x000000179d200000,0x000000179d300000)]
  0x000001616ef9b300 JavaThread "Execution worker Thread 6" [_thread_in_vm, id=36940, stack(0x000000179d300000,0x000000179d400000)]
  0x000001616ef9d160 JavaThread "Execution worker Thread 7" [_thread_blocked, id=14028, stack(0x000000179d400000,0x000000179d500000)]
  0x000001616ef9a3d0 JavaThread "Execution worker Thread 8" [_thread_blocked, id=840, stack(0x000000179d500000,0x000000179d600000)]
  0x000001616ef9d670 JavaThread "Execution worker Thread 9" [_thread_blocked, id=50356, stack(0x000000179d600000,0x000000179d700000)]
  0x000001616ef9cc50 JavaThread "Execution worker Thread 10" [_thread_blocked, id=47420, stack(0x000000179d700000,0x000000179d800000)]
  0x000001616ef9e090 JavaThread "Execution worker Thread 11" [_thread_blocked, id=22116, stack(0x000000179d800000,0x000000179d900000)]
  0x000001616ef999b0 JavaThread "Execution worker Thread 12" [_thread_blocked, id=5476, stack(0x000000179d900000,0x000000179da00000)]
  0x000001616ef9f4d0 JavaThread "Execution worker Thread 13" [_thread_blocked, id=18304, stack(0x000000179da00000,0x000000179db00000)]
  0x000001616ef9f9e0 JavaThread "Execution worker Thread 14" [_thread_blocked, id=12628, stack(0x000000179db00000,0x000000179dc00000)]
  0x000001616ef9e5a0 JavaThread "Execution worker Thread 15" [_thread_blocked, id=2820, stack(0x000000179dc00000,0x000000179dd00000)]
  0x000001616ef9eab0 JavaThread "Cache worker for execution history cache (C:\Users\adity\OneDrive - University of Illinois - Urbana\Freshman\Spring\PURE\FairDivisionApp\.gradle\8.4\executionHistory)" [_thread_blocked, id=44580, stack(0x000000179dd00000,0x000000179de00000)]

Other Threads:
  0x00000161659ea620 VMThread "VM Thread" [stack: 0x0000001796c00000,0x0000001796d00000] [id=52464]
  0x0000016165db5e40 WatcherThread [stack: 0x0000001797b00000,0x0000001797c00000] [id=54184]
  0x000001614afff540 GCTaskThread "GC Thread#0" [stack: 0x0000001796700000,0x0000001796800000] [id=4184]
  0x000001616a30d9d0 GCTaskThread "GC Thread#1" [stack: 0x0000001797d00000,0x0000001797e00000] [id=48484]
  0x000001616a30dc90 GCTaskThread "GC Thread#2" [stack: 0x0000001797e00000,0x0000001797f00000] [id=47180]
  0x000001616ac88330 GCTaskThread "GC Thread#3" [stack: 0x0000001797f00000,0x0000001798000000] [id=18584]
  0x000001616ac885f0 GCTaskThread "GC Thread#4" [stack: 0x0000001798000000,0x0000001798100000] [id=48652]
  0x000001616b293d10 GCTaskThread "GC Thread#5" [stack: 0x0000001798b00000,0x0000001798c00000] [id=14136]
  0x000001616b7b3730 GCTaskThread "GC Thread#6" [stack: 0x0000001798c00000,0x0000001798d00000] [id=51284]
  0x000001616b741770 GCTaskThread "GC Thread#7" [stack: 0x0000001798d00000,0x0000001798e00000] [id=50856]
  0x000001616c063380 GCTaskThread "GC Thread#8" [stack: 0x0000001798e00000,0x0000001798f00000] [id=53268]
  0x000001616cba7830 GCTaskThread "GC Thread#9" [stack: 0x0000001798f00000,0x0000001799000000] [id=50832]
  0x000001616ac888b0 GCTaskThread "GC Thread#10" [stack: 0x0000001799000000,0x0000001799100000] [id=49216]
  0x000001616adc2460 GCTaskThread "GC Thread#11" [stack: 0x0000001799100000,0x0000001799200000] [id=51408]
  0x000001616bd28010 GCTaskThread "GC Thread#12" [stack: 0x0000001799200000,0x0000001799300000] [id=22016]
  0x000001614b011150 ConcurrentGCThread "G1 Main Marker" [stack: 0x0000001796800000,0x0000001796900000] [id=53364]
  0x000001614b011b70 ConcurrentGCThread "G1 Conc#0" [stack: 0x0000001796900000,0x0000001796a00000] [id=36404]
  0x000001616bd298d0 ConcurrentGCThread "G1 Conc#1" [stack: 0x0000001799300000,0x0000001799400000] [id=44888]
  0x000001616bd29090 ConcurrentGCThread "G1 Conc#2" [stack: 0x0000001799400000,0x0000001799500000] [id=18420]
  0x000001614b02ec40 ConcurrentGCThread "G1 Refine#0" [stack: 0x0000001796a00000,0x0000001796b00000] [id=39312]
  0x000001616b6eace0 ConcurrentGCThread "G1 Refine#1" [stack: 0x000000179c000000,0x000000179c100000] [id=46304]
  0x000001616b6e8f80 ConcurrentGCThread "G1 Refine#2" [stack: 0x000000179c100000,0x000000179c200000] [id=52912]
  0x000001616b6ea9f0 ConcurrentGCThread "G1 Refine#3" [stack: 0x000000179c200000,0x000000179c300000] [id=47488]
  0x000001616b6eb2c0 ConcurrentGCThread "G1 Refine#4" [stack: 0x000000179c300000,0x000000179c400000] [id=34300]
  0x0000016164ff54f0 ConcurrentGCThread "G1 Service" [stack: 0x0000001796b00000,0x0000001796c00000] [id=49324]

Threads with active compile tasks:
C2 CompilerThread0    26267 10919       4       org.gradle.internal.snapshot.ChildMap$Entry::handleAncestorDescendantOrExactMatch (110 bytes)
C1 CompilerThread0    26267 11066       3       org.gradle.api.internal.artifacts.ivyservice.resolveengine.graph.builder.PendingDependencies::<init> (27 bytes)
C1 CompilerThread1    26267 11067       3       org.gradle.api.internal.artifacts.ivyservice.resolveengine.graph.builder.ModuleSelectors::<init> (41 bytes)
C1 CompilerThread2    26267 11069       3       org.gradle.api.internal.artifacts.ivyservice.resolveengine.graph.builder.ModuleSelectors$SelectorComparator::<init> (15 bytes)
C2 CompilerThread1    26267 10983       4       org.gradle.internal.snapshot.AbstractListChildMap::store (72 bytes)
C2 CompilerThread2    26268 11059       4       java.util.stream.Collectors$$Lambda$55/0x0000000100147a58::accept (14 bytes)

VM state: not at safepoint (normal execution)

VM Mutex/Monitor currently owned by a thread: None

Heap address: 0x0000000080000000, size: 2048 MB, Compressed Oops mode: 32-bit

CDS archive(s) not mapped
Compressed class space mapped at: 0x0000000100000000-0x0000000140000000, reserved size: 1073741824
Narrow klass base: 0x0000000000000000, Narrow klass shift: 3, Narrow klass range: 0x140000000

GC Precious Log:
 CPUs: 16 total, 16 available
 Memory: 15608M
 Large Page Support: Disabled
 NUMA Support: Disabled
 Compressed Oops: Enabled (32-bit)
 Heap Region Size: 1M
 Heap Min Capacity: 8M
 Heap Initial Capacity: 244M
 Heap Max Capacity: 2G
 Pre-touch: Disabled
 Parallel Workers: 13
 Concurrent Workers: 3
 Concurrent Refinement Workers: 13
 Periodic GC: Disabled

Heap:
 garbage-first heap   total 157696K, used 96162K [0x0000000080000000, 0x0000000100000000)
  region size 1024K, 8 young (8192K), 4 survivors (4096K)
 Metaspace       used 92992K, committed 93632K, reserved 1179648K
  class space    used 12595K, committed 12864K, reserved 1048576K

Heap Regions: E=young(eden), S=young(survivor), O=old, HS=humongous(starts), HC=humongous(continues), CS=collection set, F=free, OA=open archive, CA=closed archive, TAMS=top-at-mark-start (previous, next)
|   0|0x0000000080000000, 0x0000000080100000, 0x0000000080100000|100%|HS|  |TAMS 0x0000000080100000, 0x0000000080000000| Complete 
|   1|0x0000000080100000, 0x0000000080200000, 0x0000000080200000|100%|HC|  |TAMS 0x0000000080200000, 0x0000000080100000| Complete 
|   2|0x0000000080200000, 0x0000000080300000, 0x0000000080300000|100%|HC|  |TAMS 0x0000000080300000, 0x0000000080200000| Complete 
|   3|0x0000000080300000, 0x0000000080400000, 0x0000000080400000|100%|HC|  |TAMS 0x0000000080400000, 0x0000000080300000| Complete 
|   4|0x0000000080400000, 0x0000000080500000, 0x0000000080500000|100%| O|  |TAMS 0x0000000080500000, 0x0000000080400000| Untracked 
|   5|0x0000000080500000, 0x0000000080600000, 0x0000000080600000|100%| O|  |TAMS 0x0000000080600000, 0x0000000080500000| Untracked 
|   6|0x0000000080600000, 0x0000000080700000, 0x0000000080700000|100%| O|  |TAMS 0x0000000080700000, 0x0000000080600000| Untracked 
|   7|0x0000000080700000, 0x0000000080800000, 0x0000000080800000|100%| O|  |TAMS 0x0000000080800000, 0x0000000080700000| Untracked 
|   8|0x0000000080800000, 0x0000000080900000, 0x0000000080900000|100%| O|  |TAMS 0x0000000080900000, 0x0000000080800000| Untracked 
|   9|0x0000000080900000, 0x0000000080a00000, 0x0000000080a00000|100%| O|  |TAMS 0x0000000080a00000, 0x0000000080900000| Untracked 
|  10|0x0000000080a00000, 0x0000000080b00000, 0x0000000080b00000|100%| O|  |TAMS 0x0000000080b00000, 0x0000000080a00000| Untracked 
|  11|0x0000000080b00000, 0x0000000080c00000, 0x0000000080c00000|100%| O|  |TAMS 0x0000000080c00000, 0x0000000080b00000| Untracked 
|  12|0x0000000080c00000, 0x0000000080d00000, 0x0000000080d00000|100%| O|  |TAMS 0x0000000080d00000, 0x0000000080c00000| Untracked 
|  13|0x0000000080d00000, 0x0000000080e00000, 0x0000000080e00000|100%| O|  |TAMS 0x0000000080e00000, 0x0000000080d00000| Untracked 
|  14|0x0000000080e00000, 0x0000000080f00000, 0x0000000080f00000|100%| O|  |TAMS 0x0000000080f00000, 0x0000000080e00000| Untracked 
|  15|0x0000000080f00000, 0x0000000081000000, 0x0000000081000000|100%| O|  |TAMS 0x0000000081000000, 0x0000000080f00000| Untracked 
|  16|0x0000000081000000, 0x0000000081100000, 0x0000000081100000|100%| O|  |TAMS 0x0000000081100000, 0x0000000081000000| Untracked 
|  17|0x0000000081100000, 0x0000000081200000, 0x0000000081200000|100%| O|  |TAMS 0x0000000081200000, 0x0000000081100000| Untracked 
|  18|0x0000000081200000, 0x0000000081300000, 0x0000000081300000|100%| O|  |TAMS 0x0000000081300000, 0x0000000081200000| Untracked 
|  19|0x0000000081300000, 0x0000000081400000, 0x0000000081400000|100%| O|  |TAMS 0x0000000081400000, 0x0000000081300000| Untracked 
|  20|0x0000000081400000, 0x0000000081500000, 0x0000000081500000|100%|HS|  |TAMS 0x0000000081500000, 0x0000000081400000| Complete 
|  21|0x0000000081500000, 0x0000000081600000, 0x0000000081600000|100%| O|  |TAMS 0x0000000081600000, 0x0000000081500000| Untracked 
|  22|0x0000000081600000, 0x0000000081600000, 0x0000000081700000|  0%| F|  |TAMS 0x0000000081600000, 0x0000000081600000| Untracked 
|  23|0x0000000081700000, 0x0000000081800000, 0x0000000081800000|100%| O|  |TAMS 0x0000000081800000, 0x0000000081700000| Untracked 
|  24|0x0000000081800000, 0x0000000081900000, 0x0000000081900000|100%| O|  |TAMS 0x0000000081900000, 0x0000000081800000| Untracked 
|  25|0x0000000081900000, 0x0000000081a00000, 0x0000000081a00000|100%| O|  |TAMS 0x0000000081a00000, 0x0000000081900000| Untracked 
|  26|0x0000000081a00000, 0x0000000081b00000, 0x0000000081b00000|100%| O|  |TAMS 0x0000000081b00000, 0x0000000081a00000| Untracked 
|  27|0x0000000081b00000, 0x0000000081c00000, 0x0000000081c00000|100%| O|  |TAMS 0x0000000081c00000, 0x0000000081b00000| Untracked 
|  28|0x0000000081c00000, 0x0000000081d00000, 0x0000000081d00000|100%|HS|  |TAMS 0x0000000081d00000, 0x0000000081c00000| Complete 
|  29|0x0000000081d00000, 0x0000000081e00000, 0x0000000081e00000|100%|HC|  |TAMS 0x0000000081e00000, 0x0000000081d00000| Complete 
|  30|0x0000000081e00000, 0x0000000081f00000, 0x0000000081f00000|100%|HS|  |TAMS 0x0000000081f00000, 0x0000000081e00000| Complete 
|  31|0x0000000081f00000, 0x0000000082000000, 0x0000000082000000|100%|HS|  |TAMS 0x0000000082000000, 0x0000000081f00000| Complete 
|  32|0x0000000082000000, 0x0000000082100000, 0x0000000082100000|100%|HS|  |TAMS 0x0000000082100000, 0x0000000082000000| Complete 
|  33|0x0000000082100000, 0x0000000082200000, 0x0000000082200000|100%|HC|  |TAMS 0x0000000082200000, 0x0000000082100000| Complete 
|  34|0x0000000082200000, 0x0000000082300000, 0x0000000082300000|100%|HC|  |TAMS 0x0000000082300000, 0x0000000082200000| Complete 
|  35|0x0000000082300000, 0x0000000082400000, 0x0000000082400000|100%|HC|  |TAMS 0x0000000082400000, 0x0000000082300000| Complete 
|  36|0x0000000082400000, 0x0000000082500000, 0x0000000082500000|100%| O|  |TAMS 0x0000000082500000, 0x0000000082400000| Untracked 
|  37|0x0000000082500000, 0x0000000082600000, 0x0000000082600000|100%|HS|  |TAMS 0x0000000082600000, 0x0000000082500000| Complete 
|  38|0x0000000082600000, 0x0000000082700000, 0x0000000082700000|100%|HS|  |TAMS 0x0000000082700000, 0x0000000082600000| Complete 
|  39|0x0000000082700000, 0x0000000082800000, 0x0000000082800000|100%| O|  |TAMS 0x0000000082800000, 0x0000000082700000| Untracked 
|  40|0x0000000082800000, 0x0000000082900000, 0x0000000082900000|100%| O|  |TAMS 0x0000000082900000, 0x0000000082800000| Untracked 
|  41|0x0000000082900000, 0x0000000082a00000, 0x0000000082a00000|100%| O|  |TAMS 0x0000000082a00000, 0x0000000082900000| Untracked 
|  42|0x0000000082a00000, 0x0000000082b00000, 0x0000000082b00000|100%| O|  |TAMS 0x0000000082b00000, 0x0000000082a00000| Untracked 
|  43|0x0000000082b00000, 0x0000000082c00000, 0x0000000082c00000|100%| O|  |TAMS 0x0000000082c00000, 0x0000000082b00000| Untracked 
|  44|0x0000000082c00000, 0x0000000082d00000, 0x0000000082d00000|100%| O|  |TAMS 0x0000000082d00000, 0x0000000082c00000| Untracked 
|  45|0x0000000082d00000, 0x0000000082e00000, 0x0000000082e00000|100%| O|  |TAMS 0x0000000082e00000, 0x0000000082d00000| Untracked 
|  46|0x0000000082e00000, 0x0000000082f00000, 0x0000000082f00000|100%| O|  |TAMS 0x0000000082f00000, 0x0000000082e00000| Untracked 
|  47|0x0000000082f00000, 0x0000000083000000, 0x0000000083000000|100%| O|  |TAMS 0x0000000083000000, 0x0000000082f00000| Untracked 
|  48|0x0000000083000000, 0x0000000083100000, 0x0000000083100000|100%| O|  |TAMS 0x0000000083100000, 0x0000000083000000| Untracked 
|  49|0x0000000083100000, 0x0000000083200000, 0x0000000083200000|100%| O|  |TAMS 0x0000000083200000, 0x0000000083100000| Untracked 
|  50|0x0000000083200000, 0x0000000083300000, 0x0000000083300000|100%| O|  |TAMS 0x0000000083300000, 0x0000000083200000| Untracked 
|  51|0x0000000083300000, 0x0000000083400000, 0x0000000083400000|100%| O|  |TAMS 0x0000000083400000, 0x0000000083300000| Untracked 
|  52|0x0000000083400000, 0x0000000083500000, 0x0000000083500000|100%| O|  |TAMS 0x0000000083500000, 0x0000000083400000| Untracked 
|  53|0x0000000083500000, 0x0000000083600000, 0x0000000083600000|100%| O|  |TAMS 0x0000000083600000, 0x0000000083500000| Untracked 
|  54|0x0000000083600000, 0x0000000083700000, 0x0000000083700000|100%| O|  |TAMS 0x0000000083700000, 0x0000000083600000| Untracked 
|  55|0x0000000083700000, 0x0000000083800000, 0x0000000083800000|100%| O|  |TAMS 0x0000000083800000, 0x0000000083700000| Untracked 
|  56|0x0000000083800000, 0x0000000083900000, 0x0000000083900000|100%| O|  |TAMS 0x0000000083900000, 0x0000000083800000| Untracked 
|  57|0x0000000083900000, 0x0000000083a00000, 0x0000000083a00000|100%| O|  |TAMS 0x0000000083900000, 0x0000000083900000| Untracked 
|  58|0x0000000083a00000, 0x0000000083b00000, 0x0000000083b00000|100%| O|  |TAMS 0x0000000083b00000, 0x0000000083a00000| Untracked 
|  59|0x0000000083b00000, 0x0000000083c00000, 0x0000000083c00000|100%|HS|  |TAMS 0x0000000083c00000, 0x0000000083b00000| Complete 
|  60|0x0000000083c00000, 0x0000000083d00000, 0x0000000083d00000|100%|HC|  |TAMS 0x0000000083d00000, 0x0000000083c00000| Complete 
|  61|0x0000000083d00000, 0x0000000083e00000, 0x0000000083e00000|100%| O|  |TAMS 0x0000000083e00000, 0x0000000083d00000| Untracked 
|  62|0x0000000083e00000, 0x0000000083f00000, 0x0000000083f00000|100%| O|  |TAMS 0x0000000083f00000, 0x0000000083e00000| Untracked 
|  63|0x0000000083f00000, 0x0000000084000000, 0x0000000084000000|100%| O|  |TAMS 0x0000000084000000, 0x0000000083f00000| Untracked 
|  64|0x0000000084000000, 0x0000000084100000, 0x0000000084100000|100%| O|  |TAMS 0x0000000084100000, 0x0000000084000000| Untracked 
|  65|0x0000000084100000, 0x0000000084200000, 0x0000000084200000|100%| O|  |TAMS 0x0000000084200000, 0x0000000084100000| Untracked 
|  66|0x0000000084200000, 0x0000000084300000, 0x0000000084300000|100%| O|  |TAMS 0x0000000084300000, 0x0000000084200000| Untracked 
|  67|0x0000000084300000, 0x0000000084400000, 0x0000000084400000|100%| O|  |TAMS 0x0000000084400000, 0x0000000084300000| Untracked 
|  68|0x0000000084400000, 0x0000000084500000, 0x0000000084500000|100%| O|  |TAMS 0x0000000084500000, 0x0000000084400000| Untracked 
|  69|0x0000000084500000, 0x0000000084600000, 0x0000000084600000|100%| O|  |TAMS 0x0000000084600000, 0x0000000084500000| Untracked 
|  70|0x0000000084600000, 0x0000000084700000, 0x0000000084700000|100%| O|  |TAMS 0x0000000084700000, 0x0000000084600000| Untracked 
|  71|0x0000000084700000, 0x0000000084800000, 0x0000000084800000|100%| O|  |TAMS 0x0000000084800000, 0x0000000084700000| Untracked 
|  72|0x0000000084800000, 0x0000000084900000, 0x0000000084900000|100%| O|  |TAMS 0x0000000084900000, 0x0000000084800000| Untracked 
|  73|0x0000000084900000, 0x0000000084a00000, 0x0000000084a00000|100%| O|  |TAMS 0x0000000084a00000, 0x0000000084900000| Untracked 
|  74|0x0000000084a00000, 0x0000000084b00000, 0x0000000084b00000|100%| O|  |TAMS 0x0000000084b00000, 0x0000000084a00000| Untracked 
|  75|0x0000000084b00000, 0x0000000084c00000, 0x0000000084c00000|100%| O|  |TAMS 0x0000000084c00000, 0x0000000084b00000| Untracked 
|  76|0x0000000084c00000, 0x0000000084d00000, 0x0000000084d00000|100%| O|  |TAMS 0x0000000084d00000, 0x0000000084c00000| Untracked 
|  77|0x0000000084d00000, 0x0000000084e00000, 0x0000000084e00000|100%| O|  |TAMS 0x0000000084e00000, 0x0000000084d00000| Untracked 
|  78|0x0000000084e00000, 0x0000000084f00000, 0x0000000084f00000|100%| O|  |TAMS 0x0000000084f00000, 0x0000000084e00000| Untracked 
|  79|0x0000000084f00000, 0x0000000085000000, 0x0000000085000000|100%| O|  |TAMS 0x0000000085000000, 0x0000000084f00000| Untracked 
|  80|0x0000000085000000, 0x0000000085100000, 0x0000000085100000|100%| O|  |TAMS 0x00000000850bfa00, 0x0000000085000000| Untracked 
|  81|0x0000000085100000, 0x0000000085200000, 0x0000000085200000|100%| O|  |TAMS 0x0000000085100000, 0x0000000085100000| Untracked 
|  82|0x0000000085200000, 0x0000000085300000, 0x0000000085300000|100%| O|  |TAMS 0x0000000085200000, 0x0000000085200000| Untracked 
|  83|0x0000000085300000, 0x0000000085400000, 0x0000000085400000|100%| O|  |TAMS 0x0000000085300000, 0x0000000085300000| Untracked 
|  84|0x0000000085400000, 0x0000000085498e00, 0x0000000085500000| 59%| O|  |TAMS 0x0000000085400000, 0x0000000085400000| Untracked 
|  85|0x0000000085500000, 0x0000000085600000, 0x0000000085600000|100%| O|  |TAMS 0x0000000085500000, 0x0000000085500000| Untracked 
|  86|0x0000000085600000, 0x0000000085700000, 0x0000000085700000|100%| O|  |TAMS 0x0000000085600000, 0x0000000085600000| Untracked 
|  87|0x0000000085700000, 0x0000000085800000, 0x0000000085800000|100%| O|  |TAMS 0x0000000085700000, 0x0000000085700000| Untracked 
|  88|0x0000000085800000, 0x0000000085900000, 0x0000000085900000|100%| O|  |TAMS 0x0000000085800000, 0x0000000085800000| Untracked 
|  89|0x0000000085900000, 0x0000000085900000, 0x0000000085a00000|  0%| F|  |TAMS 0x0000000085900000, 0x0000000085900000| Untracked 
|  90|0x0000000085a00000, 0x0000000085a00000, 0x0000000085b00000|  0%| F|  |TAMS 0x0000000085a00000, 0x0000000085a00000| Untracked 
|  91|0x0000000085b00000, 0x0000000085b00000, 0x0000000085c00000|  0%| F|  |TAMS 0x0000000085b00000, 0x0000000085b00000| Untracked 
|  92|0x0000000085c00000, 0x0000000085c00000, 0x0000000085d00000|  0%| F|  |TAMS 0x0000000085c00000, 0x0000000085c00000| Untracked 
|  93|0x0000000085d00000, 0x0000000085d00000, 0x0000000085e00000|  0%| F|  |TAMS 0x0000000085d00000, 0x0000000085d00000| Untracked 
|  94|0x0000000085e00000, 0x0000000085e00000, 0x0000000085f00000|  0%| F|  |TAMS 0x0000000085e00000, 0x0000000085e00000| Untracked 
|  95|0x0000000085f00000, 0x0000000085f00000, 0x0000000086000000|  0%| F|  |TAMS 0x0000000085f00000, 0x0000000085f00000| Untracked 
|  96|0x0000000086000000, 0x0000000086000000, 0x0000000086100000|  0%| F|  |TAMS 0x0000000086000000, 0x0000000086000000| Untracked 
|  97|0x0000000086100000, 0x0000000086100000, 0x0000000086200000|  0%| F|  |TAMS 0x0000000086100000, 0x0000000086100000| Untracked 
|  98|0x0000000086200000, 0x0000000086200000, 0x0000000086300000|  0%| F|  |TAMS 0x0000000086200000, 0x0000000086200000| Untracked 
|  99|0x0000000086300000, 0x0000000086300000, 0x0000000086400000|  0%| F|  |TAMS 0x0000000086300000, 0x0000000086300000| Untracked 
| 100|0x0000000086400000, 0x0000000086400000, 0x0000000086500000|  0%| F|  |TAMS 0x0000000086400000, 0x0000000086400000| Untracked 
| 101|0x0000000086500000, 0x0000000086500000, 0x0000000086600000|  0%| F|  |TAMS 0x0000000086500000, 0x0000000086500000| Untracked 
| 102|0x0000000086600000, 0x0000000086600000, 0x0000000086700000|  0%| F|  |TAMS 0x0000000086600000, 0x0000000086600000| Untracked 
| 103|0x0000000086700000, 0x0000000086700000, 0x0000000086800000|  0%| F|  |TAMS 0x0000000086700000, 0x0000000086700000| Untracked 
| 104|0x0000000086800000, 0x0000000086800000, 0x0000000086900000|  0%| F|  |TAMS 0x0000000086800000, 0x0000000086800000| Untracked 
| 105|0x0000000086900000, 0x0000000086900000, 0x0000000086a00000|  0%| F|  |TAMS 0x0000000086900000, 0x0000000086900000| Untracked 
| 106|0x0000000086a00000, 0x0000000086a00000, 0x0000000086b00000|  0%| F|  |TAMS 0x0000000086a00000, 0x0000000086a00000| Untracked 
| 107|0x0000000086b00000, 0x0000000086b00000, 0x0000000086c00000|  0%| F|  |TAMS 0x0000000086b00000, 0x0000000086b00000| Untracked 
| 108|0x0000000086c00000, 0x0000000086c00000, 0x0000000086d00000|  0%| F|  |TAMS 0x0000000086c00000, 0x0000000086c00000| Untracked 
| 109|0x0000000086d00000, 0x0000000086d00000, 0x0000000086e00000|  0%| F|  |TAMS 0x0000000086d00000, 0x0000000086d00000| Untracked 
| 110|0x0000000086e00000, 0x0000000086e4fac8, 0x0000000086f00000| 31%| S|CS|TAMS 0x0000000086e00000, 0x0000000086e00000| Complete 
| 111|0x0000000086f00000, 0x0000000087000000, 0x0000000087000000|100%| S|CS|TAMS 0x0000000086f00000, 0x0000000086f00000| Complete 
| 112|0x0000000087000000, 0x0000000087100000, 0x0000000087100000|100%| S|CS|TAMS 0x0000000087000000, 0x0000000087000000| Complete 
| 113|0x0000000087100000, 0x0000000087200000, 0x0000000087200000|100%| S|CS|TAMS 0x0000000087100000, 0x0000000087100000| Complete 
| 114|0x0000000087200000, 0x0000000087200000, 0x0000000087300000|  0%| F|  |TAMS 0x0000000087200000, 0x0000000087200000| Untracked 
| 115|0x0000000087300000, 0x0000000087300000, 0x0000000087400000|  0%| F|  |TAMS 0x0000000087300000, 0x0000000087300000| Untracked 
| 116|0x0000000087400000, 0x0000000087400000, 0x0000000087500000|  0%| F|  |TAMS 0x0000000087400000, 0x0000000087400000| Untracked 
| 117|0x0000000087500000, 0x0000000087500000, 0x0000000087600000|  0%| F|  |TAMS 0x0000000087500000, 0x0000000087500000| Untracked 
| 118|0x0000000087600000, 0x0000000087600000, 0x0000000087700000|  0%| F|  |TAMS 0x0000000087600000, 0x0000000087600000| Untracked 
| 119|0x0000000087700000, 0x0000000087700000, 0x0000000087800000|  0%| F|  |TAMS 0x0000000087700000, 0x0000000087700000| Untracked 
| 120|0x0000000087800000, 0x0000000087800000, 0x0000000087900000|  0%| F|  |TAMS 0x0000000087800000, 0x0000000087800000| Untracked 
| 121|0x0000000087900000, 0x0000000087900000, 0x0000000087a00000|  0%| F|  |TAMS 0x0000000087900000, 0x0000000087900000| Untracked 
| 122|0x0000000087a00000, 0x0000000087a00000, 0x0000000087b00000|  0%| F|  |TAMS 0x0000000087a00000, 0x0000000087a00000| Untracked 
| 123|0x0000000087b00000, 0x0000000087b00000, 0x0000000087c00000|  0%| F|  |TAMS 0x0000000087b00000, 0x0000000087b00000| Untracked 
| 124|0x0000000087c00000, 0x0000000087c00000, 0x0000000087d00000|  0%| F|  |TAMS 0x0000000087c00000, 0x0000000087c00000| Untracked 
| 125|0x0000000087d00000, 0x0000000087d00000, 0x0000000087e00000|  0%| F|  |TAMS 0x0000000087d00000, 0x0000000087d00000| Untracked 
| 126|0x0000000087e00000, 0x0000000087e00000, 0x0000000087f00000|  0%| F|  |TAMS 0x0000000087e00000, 0x0000000087e00000| Untracked 
| 127|0x0000000087f00000, 0x0000000087f00000, 0x0000000088000000|  0%| F|  |TAMS 0x0000000087f00000, 0x0000000087f00000| Untracked 
| 128|0x0000000088000000, 0x0000000088000000, 0x0000000088100000|  0%| F|  |TAMS 0x0000000088000000, 0x0000000088000000| Untracked 
| 129|0x0000000088100000, 0x0000000088100000, 0x0000000088200000|  0%| F|  |TAMS 0x0000000088100000, 0x0000000088100000| Untracked 
| 130|0x0000000088200000, 0x0000000088200000, 0x0000000088300000|  0%| F|  |TAMS 0x0000000088200000, 0x0000000088200000| Untracked 
| 131|0x0000000088300000, 0x0000000088300000, 0x0000000088400000|  0%| F|  |TAMS 0x0000000088300000, 0x0000000088300000| Untracked 
| 132|0x0000000088400000, 0x0000000088400000, 0x0000000088500000|  0%| F|  |TAMS 0x0000000088400000, 0x0000000088400000| Untracked 
| 133|0x0000000088500000, 0x0000000088500000, 0x0000000088600000|  0%| F|  |TAMS 0x0000000088500000, 0x0000000088500000| Untracked 
| 134|0x0000000088600000, 0x0000000088600000, 0x0000000088700000|  0%| F|  |TAMS 0x0000000088600000, 0x0000000088600000| Untracked 
| 135|0x0000000088700000, 0x0000000088700000, 0x0000000088800000|  0%| F|  |TAMS 0x0000000088700000, 0x0000000088700000| Untracked 
| 136|0x0000000088800000, 0x0000000088800000, 0x0000000088900000|  0%| F|  |TAMS 0x0000000088800000, 0x0000000088800000| Untracked 
| 137|0x0000000088900000, 0x0000000088900000, 0x0000000088a00000|  0%| F|  |TAMS 0x0000000088900000, 0x0000000088900000| Untracked 
| 138|0x0000000088a00000, 0x0000000088a00000, 0x0000000088b00000|  0%| F|  |TAMS 0x0000000088a00000, 0x0000000088a00000| Untracked 
| 139|0x0000000088b00000, 0x0000000088b00000, 0x0000000088c00000|  0%| F|  |TAMS 0x0000000088b00000, 0x0000000088b00000| Untracked 
| 140|0x0000000088c00000, 0x0000000088c00000, 0x0000000088d00000|  0%| F|  |TAMS 0x0000000088c00000, 0x0000000088c00000| Untracked 
| 141|0x0000000088d00000, 0x0000000088d00000, 0x0000000088e00000|  0%| F|  |TAMS 0x0000000088d00000, 0x0000000088d00000| Untracked 
| 142|0x0000000088e00000, 0x0000000088e00000, 0x0000000088f00000|  0%| F|  |TAMS 0x0000000088e00000, 0x0000000088e00000| Untracked 
| 143|0x0000000088f00000, 0x0000000088f00000, 0x0000000089000000|  0%| F|  |TAMS 0x0000000088f00000, 0x0000000088f00000| Untracked 
| 144|0x0000000089000000, 0x0000000089000000, 0x0000000089100000|  0%| F|  |TAMS 0x0000000089000000, 0x0000000089000000| Untracked 
| 187|0x000000008bb00000, 0x000000008bb00000, 0x000000008bc00000|  0%| F|  |TAMS 0x000000008bb00000, 0x000000008bb00000| Untracked 
| 188|0x000000008bc00000, 0x000000008bc00000, 0x000000008bd00000|  0%| F|  |TAMS 0x000000008bc00000, 0x000000008bc00000| Untracked 
| 189|0x000000008bd00000, 0x000000008bd00000, 0x000000008be00000|  0%| F|  |TAMS 0x000000008bd00000, 0x000000008bd00000| Untracked 
| 190|0x000000008be00000, 0x000000008be00000, 0x000000008bf00000|  0%| F|  |TAMS 0x000000008be00000, 0x000000008be00000| Untracked 
| 191|0x000000008bf00000, 0x000000008bf0cc28, 0x000000008c000000|  4%| E|  |TAMS 0x000000008bf00000, 0x000000008bf00000| Complete 
| 192|0x000000008c000000, 0x000000008c100000, 0x000000008c100000|100%| E|CS|TAMS 0x000000008c000000, 0x000000008c000000| Complete 
| 193|0x000000008c100000, 0x000000008c200000, 0x000000008c200000|100%| E|CS|TAMS 0x000000008c100000, 0x000000008c100000| Complete 
| 194|0x000000008c200000, 0x000000008c300000, 0x000000008c300000|100%| E|CS|TAMS 0x000000008c200000, 0x000000008c200000| Complete 
| 243|0x000000008f300000, 0x000000008f400000, 0x000000008f400000|100%| E|CS|TAMS 0x000000008f300000, 0x000000008f300000| Complete 

Card table byte_map: [0x000001615e0d0000,0x000001615e4d0000] _byte_map_base: 0x000001615dcd0000

Marking Bits (Prev, Next): (CMBitMap*) 0x000001614afffba0, (CMBitMap*) 0x000001614afffb60
 Prev Bits: [0x00000161608d0000, 0x00000161628d0000)
 Next Bits: [0x000001615e8d0000, 0x00000161608d0000)

Polling page: 0x0000016148f00000

Metaspace:

Usage:
  Non-class:     78.52 MB used.
      Class:     12.30 MB used.
       Both:     90.82 MB used.

Virtual space:
  Non-class space:      128.00 MB reserved,      78.88 MB ( 62%) committed,  2 nodes.
      Class space:        1.00 GB reserved,      12.56 MB (  1%) committed,  1 nodes.
             Both:        1.12 GB reserved,      91.44 MB (  8%) committed. 

Chunk freelists:
   Non-Class:  400.00 KB
       Class:  3.26 MB
        Both:  3.66 MB

MaxMetaspaceSize: unlimited
CompressedClassSpaceSize: 1.00 GB
Initial GC threshold: 21.00 MB
Current GC threshold: 145.25 MB
CDS: off
MetaspaceReclaimPolicy: balanced
 - commit_granule_bytes: 65536.
 - commit_granule_words: 8192.
 - virtual_space_node_default_size: 8388608.
 - enlarge_chunks_in_place: 1.
 - new_chunks_are_fully_committed: 0.
 - uncommit_free_chunks: 1.
 - use_allocation_guard: 0.
 - handle_deallocations: 1.


Internal statistics:

num_allocs_failed_limit: 9.
num_arena_births: 932.
num_arena_deaths: 0.
num_vsnodes_births: 3.
num_vsnodes_deaths: 0.
num_space_committed: 1462.
num_space_uncommitted: 0.
num_chunks_returned_to_freelist: 9.
num_chunks_taken_from_freelist: 4416.
num_chunk_merges: 9.
num_chunk_splits: 2898.
num_chunks_enlarged: 1909.
num_inconsistent_stats: 0.

CodeHeap 'non-profiled nmethods': size=119168Kb used=5327Kb max_used=5539Kb free=113841Kb
 bounds [0x0000016155ff0000, 0x0000016156560000, 0x000001615d450000]
CodeHeap 'profiled nmethods': size=119104Kb used=18328Kb max_used=19237Kb free=100775Kb
 bounds [0x000001614e450000, 0x000001614f720000, 0x00000161558a0000]
CodeHeap 'non-nmethods': size=7488Kb used=4071Kb max_used=4130Kb free=3416Kb
 bounds [0x00000161558a0000, 0x0000016155cc0000, 0x0000016155ff0000]
 total_blobs=10421 nmethods=9509 adapters=819
 compilation: enabled
              stopped_count=0, restarted_count=0
 full_count=0

Compilation events (20 events):
Event: 26.208 Thread 0x000001616be565a0 11014       4       org.gradle.api.file.RelativePath::equals (54 bytes)
Event: 26.208 Thread 0x000001616be58030 nmethod 11018 0x000001614eb98510 code [0x000001614eb986e0, 0x000001614eb98b28]
Event: 26.211 Thread 0x000001616be565a0 nmethod 11014 0x0000016156441190 code [0x0000016156441320, 0x0000016156441678]
Event: 26.211 Thread 0x000001616be565a0 11011       4       java.nio.HeapByteBuffer::putInt (31 bytes)
Event: 26.213 Thread 0x000001616be55060 11019       3       com.google.common.cache.LocalCache$Segment::cleanUp (21 bytes)
Event: 26.213 Thread 0x000001616be565a0 nmethod 11011 0x0000016156440d90 code [0x0000016156440f00, 0x0000016156441018]
Event: 26.213 Thread 0x000001616be565a0 11010       4       org.gradle.internal.snapshot.VfsRelativePath::hasPrefix (15 bytes)
Event: 26.213 Thread 0x000001616be55060 nmethod 11019 0x000001614eb97c90 code [0x000001614eb97e80, 0x000001614eb98348]
Event: 26.225 Thread 0x000001616be58030 11023       3       java.io.ObjectOutputStream$HandleTable::<init> (45 bytes)
Event: 26.225 Thread 0x0000016165ac64d0 11024       3       java.util.TreeMap::rightOf (13 bytes)
Event: 26.225 Thread 0x000001616be57ae0 11025       3       java.io.ObjectStreamClass$FieldReflector::getObjFieldValues (96 bytes)
Event: 26.225 Thread 0x0000016165ac64d0 nmethod 11024 0x000001614eb97890 code [0x000001614eb97a20, 0x000001614eb97b98]
Event: 26.225 Thread 0x000001616be58030 nmethod 11023 0x000001614e489910 code [0x000001614e489b20, 0x000001614e48a358]
Event: 26.225 Thread 0x000001616be57ae0 nmethod 11025 0x000001614e488d10 code [0x000001614e488f00, 0x000001614e489558]
Event: 26.225 Thread 0x000001616be58030 11026       3       org.gradle.internal.resources.DefaultResourceLockCoordinationService$DefaultResourceLockState::reset (38 bytes)
Event: 26.225 Thread 0x000001616be57ae0 11027       3       java.lang.Object::wait (6 bytes)
Event: 26.225 Thread 0x000001616be57ae0 nmethod 11027 0x000001614ea75c10 code [0x000001614ea75da0, 0x000001614ea75ee8]
Event: 26.225 Thread 0x000001616be58030 nmethod 11026 0x000001614eb1ec90 code [0x000001614eb1ee40, 0x000001614eb1f158]
Event: 26.226 Thread 0x0000016165ac64d0 11028   !   3       org.gradle.internal.event.AbstractBroadcastDispatch::dispatch (191 bytes)
Event: 26.227 Thread 0x0000016165ac64d0 nmethod 11028 0x000001614e5ca010 code [0x000001614e5ca380, 0x000001614e5cbeb8]

GC Heap History (20 events):
Event: 16.495 GC heap before
{Heap before GC invocations=18 (full 0):
 garbage-first heap   total 157696K, used 125735K [0x0000000080000000, 0x0000000100000000)
  region size 1024K, 60 young (61440K), 5 survivors (5120K)
 Metaspace       used 70533K, committed 71104K, reserved 1114112K
  class space    used 9269K, committed 9536K, reserved 1048576K
}
Event: 16.499 GC heap after
{Heap after GC invocations=19 (full 0):
 garbage-first heap   total 157696K, used 68173K [0x0000000080000000, 0x0000000100000000)
  region size 1024K, 8 young (8192K), 8 survivors (8192K)
 Metaspace       used 70533K, committed 71104K, reserved 1114112K
  class space    used 9269K, committed 9536K, reserved 1048576K
}
Event: 17.516 GC heap before
{Heap before GC invocations=19 (full 0):
 garbage-first heap   total 157696K, used 127565K [0x0000000080000000, 0x0000000100000000)
  region size 1024K, 64 young (65536K), 8 survivors (8192K)
 Metaspace       used 72127K, committed 72640K, reserved 1114112K
  class space    used 9491K, committed 9728K, reserved 1048576K
}
Event: 17.520 GC heap after
{Heap after GC invocations=20 (full 0):
 garbage-first heap   total 157696K, used 75384K [0x0000000080000000, 0x0000000100000000)
  region size 1024K, 8 young (8192K), 8 survivors (8192K)
 Metaspace       used 72127K, committed 72640K, reserved 1114112K
  class space    used 9491K, committed 9728K, reserved 1048576K
}
Event: 21.828 GC heap before
{Heap before GC invocations=20 (full 0):
 garbage-first heap   total 157696K, used 126584K [0x0000000080000000, 0x0000000100000000)
  region size 1024K, 57 young (58368K), 8 survivors (8192K)
 Metaspace       used 76151K, committed 76736K, reserved 1179648K
  class space    used 10095K, committed 10368K, reserved 1048576K
}
Event: 21.832 GC heap after
{Heap after GC invocations=21 (full 0):
 garbage-first heap   total 157696K, used 78094K [0x0000000080000000, 0x0000000100000000)
  region size 1024K, 3 young (3072K), 3 survivors (3072K)
 Metaspace       used 76151K, committed 76736K, reserved 1179648K
  class space    used 10095K, committed 10368K, reserved 1048576K
}
Event: 23.507 GC heap before
{Heap before GC invocations=21 (full 0):
 garbage-first heap   total 157696K, used 126222K [0x0000000080000000, 0x0000000100000000)
  region size 1024K, 50 young (51200K), 3 survivors (3072K)
 Metaspace       used 80147K, committed 80768K, reserved 1179648K
  class space    used 10780K, committed 11072K, reserved 1048576K
}
Event: 23.510 GC heap after
{Heap after GC invocations=22 (full 0):
 garbage-first heap   total 157696K, used 79817K [0x0000000080000000, 0x0000000100000000)
  region size 1024K, 4 young (4096K), 4 survivors (4096K)
 Metaspace       used 80147K, committed 80768K, reserved 1179648K
  class space    used 10780K, committed 11072K, reserved 1048576K
}
Event: 24.064 GC heap before
{Heap before GC invocations=23 (full 0):
 garbage-first heap   total 157696K, used 128969K [0x0000000080000000, 0x0000000100000000)
  region size 1024K, 52 young (53248K), 4 survivors (4096K)
 Metaspace       used 83979K, committed 84608K, reserved 1179648K
  class space    used 11384K, committed 11648K, reserved 1048576K
}
Event: 24.067 GC heap after
{Heap after GC invocations=24 (full 0):
 garbage-first heap   total 157696K, used 82440K [0x0000000080000000, 0x0000000100000000)
  region size 1024K, 7 young (7168K), 7 survivors (7168K)
 Metaspace       used 83979K, committed 84608K, reserved 1179648K
  class space    used 11384K, committed 11648K, reserved 1048576K
}
Event: 24.074 GC heap before
{Heap before GC invocations=24 (full 0):
 garbage-first heap   total 157696K, used 83464K [0x0000000080000000, 0x0000000100000000)
  region size 1024K, 8 young (8192K), 7 survivors (7168K)
 Metaspace       used 84088K, committed 84672K, reserved 1179648K
  class space    used 11397K, committed 11648K, reserved 1048576K
}
Event: 24.077 GC heap after
{Heap after GC invocations=25 (full 0):
 garbage-first heap   total 157696K, used 82686K [0x0000000080000000, 0x0000000100000000)
  region size 1024K, 1 young (1024K), 1 survivors (1024K)
 Metaspace       used 84088K, committed 84672K, reserved 1179648K
  class space    used 11397K, committed 11648K, reserved 1048576K
}
Event: 24.676 GC heap before
{Heap before GC invocations=25 (full 0):
 garbage-first heap   total 157696K, used 130814K [0x0000000080000000, 0x0000000100000000)
  region size 1024K, 48 young (49152K), 1 survivors (1024K)
 Metaspace       used 88418K, committed 89024K, reserved 1179648K
  class space    used 12031K, committed 12288K, reserved 1048576K
}
Event: 24.679 GC heap after
{Heap after GC invocations=26 (full 0):
 garbage-first heap   total 157696K, used 85228K [0x0000000080000000, 0x0000000100000000)
  region size 1024K, 4 young (4096K), 4 survivors (4096K)
 Metaspace       used 88418K, committed 89024K, reserved 1179648K
  class space    used 12031K, committed 12288K, reserved 1048576K
}
Event: 25.482 GC heap before
{Heap before GC invocations=27 (full 0):
 garbage-first heap   total 157696K, used 134380K [0x0000000080000000, 0x0000000100000000)
  region size 1024K, 48 young (49152K), 4 survivors (4096K)
 Metaspace       used 92650K, committed 93376K, reserved 1179648K
  class space    used 12560K, committed 12864K, reserved 1048576K
}
Event: 25.486 GC heap after
{Heap after GC invocations=28 (full 0):
 garbage-first heap   total 157696K, used 90385K [0x0000000080000000, 0x0000000100000000)
  region size 1024K, 6 young (6144K), 6 survivors (6144K)
 Metaspace       used 92650K, committed 93376K, reserved 1179648K
  class space    used 12560K, committed 12864K, reserved 1048576K
}
Event: 25.524 GC heap before
{Heap before GC invocations=28 (full 0):
 garbage-first heap   total 157696K, used 91409K [0x0000000080000000, 0x0000000100000000)
  region size 1024K, 7 young (7168K), 6 survivors (6144K)
 Metaspace       used 92702K, committed 93376K, reserved 1179648K
  class space    used 12570K, committed 12864K, reserved 1048576K
}
Event: 25.529 GC heap after
{Heap after GC invocations=29 (full 0):
 garbage-first heap   total 157696K, used 90528K [0x0000000080000000, 0x0000000100000000)
  region size 1024K, 1 young (1024K), 1 survivors (1024K)
 Metaspace       used 92702K, committed 93376K, reserved 1179648K
  class space    used 12570K, committed 12864K, reserved 1048576K
}
Event: 26.203 GC heap before
{Heap before GC invocations=29 (full 0):
 garbage-first heap   total 157696K, used 129440K [0x0000000080000000, 0x0000000100000000)
  region size 1024K, 40 young (40960K), 1 survivors (1024K)
 Metaspace       used 92973K, committed 93632K, reserved 1179648K
  class space    used 12595K, committed 12864K, reserved 1048576K
}
Event: 26.205 GC heap after
{Heap after GC invocations=30 (full 0):
 garbage-first heap   total 157696K, used 93090K [0x0000000080000000, 0x0000000100000000)
  region size 1024K, 4 young (4096K), 4 survivors (4096K)
 Metaspace       used 92973K, committed 93632K, reserved 1179648K
  class space    used 12595K, committed 12864K, reserved 1048576K
}

Dll operation events (3 events):
Event: 0.033 Loaded shared library C:\Program Files\Android\Android Studio\jbr\bin\java.dll
Event: 0.233 Loaded shared library C:\Program Files\Android\Android Studio\jbr\bin\zip.dll
Event: 0.636 Loaded shared library C:\Program Files\Android\Android Studio\jbr\bin\verify.dll

Deoptimization events (20 events):
Event: 25.967 Thread 0x000001616ef9eab0 Uncommon trap: trap_request=0xffffff45 fr.pc=0x00000161562d603c relative=0x00000000000001fc
Event: 25.967 Thread 0x000001616ef9eab0 Uncommon trap: reason=unstable_if action=reinterpret pc=0x00000161562d603c method=com.esotericsoftware.kryo.io.Input.readVarInt(Z)I @ 42 c2
Event: 25.967 Thread 0x000001616ef9eab0 DEOPT PACKING pc=0x00000161562d603c sp=0x000000179ddfe650
Event: 25.967 Thread 0x000001616ef9eab0 DEOPT UNPACKING pc=0x00000161558f69a3 sp=0x000000179ddfe538 mode 2
Event: 25.968 Thread 0x000001616ef9eab0 Uncommon trap: trap_request=0xffffff45 fr.pc=0x00000161562d699c relative=0x00000000000001dc
Event: 25.968 Thread 0x000001616ef9eab0 Uncommon trap: reason=unstable_if action=reinterpret pc=0x00000161562d699c method=com.esotericsoftware.kryo.io.Input.readVarInt(Z)I @ 42 c2
Event: 25.968 Thread 0x000001616ef9eab0 DEOPT PACKING pc=0x00000161562d699c sp=0x000000179ddfe640
Event: 25.968 Thread 0x000001616ef9eab0 DEOPT UNPACKING pc=0x00000161558f69a3 sp=0x000000179ddfe5e8 mode 2
Event: 26.049 Thread 0x000001616ef9f9e0 Uncommon trap: trap_request=0xffffff45 fr.pc=0x0000016156323be0 relative=0x00000000000007c0
Event: 26.049 Thread 0x000001616ef9f9e0 Uncommon trap: reason=unstable_if action=reinterpret pc=0x0000016156323be0 method=org.gradle.internal.snapshot.VfsRelativePath.compareToFirstSegment(Ljava/lang/String;Lorg/gradle/internal/snapshot/CaseSensitivity;)I @ 134 c2
Event: 26.049 Thread 0x000001616ef9f9e0 DEOPT PACKING pc=0x0000016156323be0 sp=0x000000179dbf8e30
Event: 26.049 Thread 0x000001616ef9f9e0 DEOPT UNPACKING pc=0x00000161558f69a3 sp=0x000000179dbf8db0 mode 2
Event: 26.050 Thread 0x000001616ef9f9e0 Uncommon trap: trap_request=0xffffff45 fr.pc=0x00000161563977e8 relative=0x0000000000000b48
Event: 26.050 Thread 0x000001616ef9f9e0 Uncommon trap: reason=unstable_if action=reinterpret pc=0x00000161563977e8 method=org.gradle.internal.snapshot.VfsRelativePath.lengthOfCommonPrefix(Ljava/lang/String;Lorg/gradle/internal/snapshot/CaseSensitivity;)I @ 107 c2
Event: 26.050 Thread 0x000001616ef9f9e0 DEOPT PACKING pc=0x00000161563977e8 sp=0x000000179dbf8dd0
Event: 26.050 Thread 0x000001616ef9f9e0 DEOPT UNPACKING pc=0x00000161558f69a3 sp=0x000000179dbf8d58 mode 2
Event: 26.206 Thread 0x000001616ef9b300 Uncommon trap: trap_request=0xffffff45 fr.pc=0x000001615637c644 relative=0x0000000000003424
Event: 26.206 Thread 0x000001616ef9b300 Uncommon trap: reason=unstable_if action=reinterpret pc=0x000001615637c644 method=com.google.common.collect.MapMakerInternalMap$Segment.getEntry(Ljava/lang/Object;I)Lcom/google/common/collect/MapMakerInternalMap$InternalEntry; @ 40 c2
Event: 26.206 Thread 0x000001616ef9b300 DEOPT PACKING pc=0x000001615637c644 sp=0x000000179d3fb3b0
Event: 26.206 Thread 0x000001616ef9b300 DEOPT UNPACKING pc=0x00000161558f69a3 sp=0x000000179d3fb1f8 mode 2

Classes unloaded (0 events):
No events

Classes redefined (0 events):
No events

Internal exceptions (20 events):
Event: 25.334 Thread 0x000001616ceaea20 Exception <a 'java/lang/NoSuchMethodError'{0x00000000877f1b68}: static Lorg/gradle/internal/build/event/types/DefaultTaskStartedProgressEvent;.<clinit>()V> (0x00000000877f1b68) 
thrown [s\src\hotspot\share\prims\jni.cpp, line 1108]
Event: 25.334 Thread 0x000001616ceaea20 Exception <a 'java/lang/NoSuchMethodError'{0x00000000877fe0e0}: static Lorg/gradle/internal/build/event/types/DefaultTaskDescriptor;.<clinit>()V> (0x00000000877fe0e0) 
thrown [s\src\hotspot\share\prims\jni.cpp, line 1108]
Event: 25.338 Thread 0x000001616ceaea20 Exception <a 'java/lang/NoSuchMethodError'{0x0000000087648dd8}: static Lorg/gradle/internal/build/event/types/DefaultTaskFinishedProgressEvent;.<clinit>()V> (0x0000000087648dd8) 
thrown [s\src\hotspot\share\prims\jni.cpp, line 1108]
Event: 25.340 Thread 0x000001616ceaea20 Exception <a 'java/lang/NoSuchMethodError'{0x00000000876865b8}: static Lorg/gradle/internal/build/event/types/DefaultTaskSuccessResult;.<clinit>()V> (0x00000000876865b8) 
thrown [s\src\hotspot\share\prims\jni.cpp, line 1108]
Event: 25.340 Thread 0x000001616ceaea20 Exception <a 'java/lang/NoSuchMethodError'{0x0000000087687cc0}: static Lorg/gradle/internal/build/event/types/AbstractTaskResult;.<clinit>()V> (0x0000000087687cc0) 
thrown [s\src\hotspot\share\prims\jni.cpp, line 1108]
Event: 25.350 Thread 0x000001616ef98060 Exception <a 'java/lang/NoSuchMethodError'{0x0000000087a7c130}: 'void java.lang.invoke.DirectMethodHandle$Holder.invokeInterface(java.lang.Object, java.lang.Object, java.lang.Object, java.lang.Object)'> (0x0000000087a7c130) 
thrown [s\src\hotspot\share\interpreter\linkResolver.cpp, line 771]
Event: 25.354 Thread 0x000001616b0f18d0 Exception <a 'java/lang/NoSuchMethodError'{0x00000000875f4258}: static Lcom/android/buildanalyzer/common/AndroidGradlePluginAttributionData$BuildInfo;.<clinit>()V> (0x00000000875f4258) 
thrown [s\src\hotspot\share\prims\jni.cpp, line 1108]
Event: 25.356 Thread 0x000001616b0f18d0 Exception <a 'java/lang/NoSuchMethodError'{0x000000008740c368}: static Lcom/android/buildanalyzer/common/AndroidGradlePluginAttributionData$JavaInfo;.<clinit>()V> (0x000000008740c368) 
thrown [s\src\hotspot\share\prims\jni.cpp, line 1108]
Event: 25.357 Thread 0x000001616ef98060 Exception <a 'java/lang/IncompatibleClassChangeError'{0x000000008742eb30}: Found class java.lang.Object, but interface was expected> (0x000000008742eb30) 
thrown [s\src\hotspot\share\interpreter\linkResolver.cpp, line 838]
Event: 25.358 Thread 0x000001616b0f18d0 Exception <a 'java/lang/NoSuchMethodError'{0x00000000874b0a38}: static [Ljava/lang/String;.<clinit>()V> (0x00000000874b0a38) 
thrown [s\src\hotspot\share\prims\jni.cpp, line 1108]
Event: 25.359 Thread 0x000001616b0f18d0 Exception <a 'java/lang/NoSuchMethodError'{0x00000000874de448}: static Lcom/android/buildanalyzer/common/AndroidGradlePluginAttributionData$TaskInfo;.<clinit>()V> (0x00000000874de448) 
thrown [s\src\hotspot\share\prims\jni.cpp, line 1108]
Event: 25.360 Thread 0x000001616b0f18d0 Exception <a 'java/lang/NoSuchMethodError'{0x00000000874eb428}: static Lcom/android/buildanalyzer/common/AndroidGradlePluginAttributionData$TaskCategoryInfo;.<clinit>()V> (0x00000000874eb428) 
thrown [s\src\hotspot\share\prims\jni.cpp, line 1108]
Event: 25.400 Thread 0x000001616ef98060 Exception <a 'sun/nio/fs/WindowsException'{0x000000008729e638}> (0x000000008729e638) 
thrown [s\src\hotspot\share\prims\jni.cpp, line 517]
Event: 25.419 Thread 0x000001616ceaea20 Exception <a 'java/lang/NoSuchMethodError'{0x00000000871e2a70}: static Lorg/gradle/internal/build/event/types/DefaultTaskSkippedResult;.<clinit>()V> (0x00000000871e2a70) 
thrown [s\src\hotspot\share\prims\jni.cpp, line 1108]
Event: 25.452 Thread 0x000001616ef98060 Exception <a 'java/lang/IncompatibleClassChangeError'{0x00000000870c5660}: Found class java.lang.Object, but interface was expected> (0x00000000870c5660) 
thrown [s\src\hotspot\share\interpreter\linkResolver.cpp, line 838]
Event: 25.477 Thread 0x000001616ef98060 Exception <a 'java/lang/NoSuchMethodError'{0x0000000086ec3d50}: 'int java.lang.invoke.DirectMethodHandle$Holder.invokeStaticInit(java.lang.Object, java.lang.Object, java.lang.Object, java.lang.Object, java.lang.Object)'> (0x0000000086ec3d50) 
thrown [s\src\hotspot\share\interpreter\linkResolver.cpp, line 771]
Event: 26.045 Thread 0x000001616ef9f9e0 Exception <a 'java/lang/NoSuchMethodError'{0x0000000087c9ef30}: static Lcom/chaquo/python/PipExtension_Decorated;.<clinit>()V> (0x0000000087c9ef30) 
thrown [s\src\hotspot\share\prims\jni.cpp, line 1108]
Event: 26.046 Thread 0x000001616ef9f9e0 Exception <a 'java/lang/NoSuchMethodError'{0x0000000087ca3a28}: static Lcom/chaquo/python/PipExtension;.<clinit>()V> (0x0000000087ca3a28) 
thrown [s\src\hotspot\share\prims\jni.cpp, line 1108]
Event: 26.046 Thread 0x000001616ef9f9e0 Exception <a 'java/lang/NoSuchMethodError'{0x0000000087ca5640}: static Lcom/chaquo/python/BaseExtension;.<clinit>()V> (0x0000000087ca5640) 
thrown [s\src\hotspot\share\prims\jni.cpp, line 1108]
Event: 26.206 Thread 0x000001616ef9b300 Implicit null exception at 0x000001615637a344 to 0x000001615637c60c

VM Operations (20 events):
Event: 25.374 Executing VM operation: HandshakeAllThreads
Event: 25.375 Executing VM operation: HandshakeAllThreads done
Event: 25.461 Executing VM operation: HandshakeAllThreads
Event: 25.462 Executing VM operation: HandshakeAllThreads done
Event: 25.481 Executing VM operation: G1CollectForAllocation
Event: 25.486 Executing VM operation: G1CollectForAllocation done
Event: 25.524 Executing VM operation: G1CollectForAllocation
Event: 25.529 Executing VM operation: G1CollectForAllocation done
Event: 25.709 Executing VM operation: HandshakeAllThreads
Event: 25.709 Executing VM operation: HandshakeAllThreads done
Event: 25.721 Executing VM operation: HandshakeAllThreads
Event: 25.722 Executing VM operation: HandshakeAllThreads done
Event: 25.976 Executing VM operation: ICBufferFull
Event: 25.976 Executing VM operation: ICBufferFull done
Event: 26.106 Executing VM operation: HandshakeAllThreads
Event: 26.106 Executing VM operation: HandshakeAllThreads done
Event: 26.167 Executing VM operation: HandshakeAllThreads
Event: 26.167 Executing VM operation: HandshakeAllThreads done
Event: 26.203 Executing VM operation: G1CollectForAllocation
Event: 26.205 Executing VM operation: G1CollectForAllocation done

Events (20 events):
Event: 25.390 Thread 0x0000016165ad7690 flushing nmethod 0x000001614f675010
Event: 25.390 Thread 0x0000016165ad7690 flushing nmethod 0x000001614f6c5890
Event: 25.390 Thread 0x0000016165ad7690 flushing nmethod 0x000001614f6c6410
Event: 25.390 Thread 0x0000016165ad7690 flushing nmethod 0x000001614f6c7b90
Event: 25.390 Thread 0x0000016165ad7690 flushing nmethod 0x000001614f6c7f10
Event: 25.390 Thread 0x0000016165ad7690 flushing nmethod 0x000001614f6c8c10
Event: 25.390 Thread 0x0000016165ad7690 flushing nmethod 0x000001614f6cba10
Event: 25.390 Thread 0x0000016165ad7690 flushing nmethod 0x000001614f6d0a10
Event: 25.428 loading class java/util/stream/ReferencePipeline$4
Event: 25.428 loading class java/util/stream/ReferencePipeline$4 done
Event: 25.428 loading class java/util/stream/ReduceOps$6
Event: 25.429 loading class java/util/stream/ReduceOps$6 done
Event: 25.429 loading class java/util/stream/ReduceOps$5ReducingSink
Event: 25.429 loading class java/util/stream/ReduceOps$5ReducingSink done
Event: 25.429 loading class java/util/stream/ReferencePipeline$4$1
Event: 25.429 loading class java/util/stream/ReferencePipeline$4$1 done
Event: 26.043 loading class java/util/concurrent/ConcurrentSkipListMap$KeySet
Event: 26.043 loading class java/util/concurrent/ConcurrentSkipListMap$KeySet done
Event: 26.043 loading class java/util/concurrent/ConcurrentSkipListMap$KeyIterator
Event: 26.043 loading class java/util/concurrent/ConcurrentSkipListMap$KeyIterator done


Dynamic libraries:
0x00007ff7936f0000 - 0x00007ff7936fa000 	C:\Program Files\Android\Android Studio\jbr\bin\java.exe
0x00007ffa0a190000 - 0x00007ffa0a3a7000 	C:\WINDOWS\SYSTEM32\ntdll.dll
0x00007ffa08280000 - 0x00007ffa08344000 	C:\WINDOWS\System32\KERNEL32.DLL
0x00007ffa07800000 - 0x00007ffa07ba6000 	C:\WINDOWS\System32\KERNELBASE.dll
0x0000000056090000 - 0x00000000563c2000 	C:\Program Files\Norton Security\NortonData\22.23.6.5\Definitions\IPSDefs\20240419.064\IPSEng64.dll
0x00007ffa08d10000 - 0x00007ffa08dc0000 	C:\WINDOWS\System32\ADVAPI32.dll
0x00007ffa08400000 - 0x00007ffa084a7000 	C:\WINDOWS\System32\msvcrt.dll
0x00007ffa08fe0000 - 0x00007ffa09086000 	C:\WINDOWS\System32\sechost.dll
0x00007ffa092d0000 - 0x00007ffa093e7000 	C:\WINDOWS\System32\RPCRT4.dll
0x00007ffa0a040000 - 0x00007ffa0a048000 	C:\WINDOWS\System32\PSAPI.DLL
0x00007ffa07590000 - 0x00007ffa076a1000 	C:\WINDOWS\System32\ucrtbase.dll
0x00007ff9c2120000 - 0x00007ff9c213b000 	C:\Program Files\Android\Android Studio\jbr\bin\VCRUNTIME140.dll
0x00007ff9f35c0000 - 0x00007ff9f35d7000 	C:\Program Files\Android\Android Studio\jbr\bin\jli.dll
0x00007ffa080d0000 - 0x00007ffa0827d000 	C:\WINDOWS\System32\USER32.dll
0x00007ffa076b0000 - 0x00007ffa076d6000 	C:\WINDOWS\System32\win32u.dll
0x00007ff9f23c0000 - 0x00007ff9f2653000 	C:\WINDOWS\WinSxS\amd64_microsoft.windows.common-controls_6595b64144ccf1df_6.0.22621.2361_none_2712ced57382f843\COMCTL32.dll
0x00007ffa08ce0000 - 0x00007ffa08d09000 	C:\WINDOWS\System32\GDI32.dll
0x00007ffa076e0000 - 0x00007ffa077f8000 	C:\WINDOWS\System32\gdi32full.dll
0x00007ffa07c70000 - 0x00007ffa07d0a000 	C:\WINDOWS\System32\msvcp_win.dll
0x00007ffa0a000000 - 0x00007ffa0a031000 	C:\WINDOWS\System32\IMM32.DLL
0x00007ff9f9df0000 - 0x00007ff9f9dfc000 	C:\Program Files\Android\Android Studio\jbr\bin\vcruntime140_1.dll
0x00007ff9602a0000 - 0x00007ff96032d000 	C:\Program Files\Android\Android Studio\jbr\bin\msvcp140.dll
0x00007ff953800000 - 0x00007ff954483000 	C:\Program Files\Android\Android Studio\jbr\bin\server\jvm.dll
0x00007ff9fcb70000 - 0x00007ff9fcb7a000 	C:\WINDOWS\SYSTEM32\VERSION.dll
0x00007ff9ffe60000 - 0x00007ff9ffe94000 	C:\WINDOWS\SYSTEM32\WINMM.dll
0x00007ffa06360000 - 0x00007ffa063ad000 	C:\WINDOWS\SYSTEM32\POWRPROF.dll
0x00007ff9e82e0000 - 0x00007ff9e82e9000 	C:\WINDOWS\SYSTEM32\WSOCK32.dll
0x00007ffa09540000 - 0x00007ffa095b1000 	C:\WINDOWS\System32\ws2_32.DLL
0x00007ffa06340000 - 0x00007ffa06353000 	C:\WINDOWS\SYSTEM32\UMPDC.dll
0x00007ffa065a0000 - 0x00007ffa065b8000 	C:\WINDOWS\SYSTEM32\kernel.appcore.dll
0x00007ffa04530000 - 0x00007ffa0453a000 	C:\Program Files\Android\Android Studio\jbr\bin\jimage.dll
0x00007ffa04a40000 - 0x00007ffa04c6e000 	C:\WINDOWS\SYSTEM32\DBGHELP.DLL
0x00007ffa084b0000 - 0x00007ffa0883a000 	C:\WINDOWS\System32\combase.dll
0x00007ffa096c0000 - 0x00007ffa09797000 	C:\WINDOWS\System32\OLEAUT32.dll
0x00007ff9fcab0000 - 0x00007ff9fcae2000 	C:\WINDOWS\SYSTEM32\dbgcore.DLL
0x00007ffa07510000 - 0x00007ffa0758a000 	C:\WINDOWS\System32\bcryptPrimitives.dll
0x00007ff9fd910000 - 0x00007ff9fd91e000 	C:\Program Files\Android\Android Studio\jbr\bin\instrument.dll
0x00007ff9fedf0000 - 0x00007ff9fee15000 	C:\Program Files\Android\Android Studio\jbr\bin\java.dll
0x00007ffa04110000 - 0x00007ffa04128000 	C:\Program Files\Android\Android Studio\jbr\bin\zip.dll
0x00007ffa097a0000 - 0x00007ffa09ff8000 	C:\WINDOWS\System32\SHELL32.dll
0x00007ffa05430000 - 0x00007ffa05d22000 	C:\WINDOWS\SYSTEM32\windows.storage.dll
0x00007ffa052f0000 - 0x00007ffa0542e000 	C:\WINDOWS\SYSTEM32\wintypes.dll
0x00007ffa07f70000 - 0x00007ffa08063000 	C:\WINDOWS\System32\SHCORE.dll
0x00007ffa08070000 - 0x00007ffa080ce000 	C:\WINDOWS\System32\shlwapi.dll
0x00007ffa07440000 - 0x00007ffa07466000 	C:\WINDOWS\SYSTEM32\profapi.dll
0x00007ffa01350000 - 0x00007ffa01369000 	C:\Program Files\Android\Android Studio\jbr\bin\net.dll
0x00007ffa00470000 - 0x00007ffa005a7000 	C:\WINDOWS\SYSTEM32\WINHTTP.dll
0x00007ffa06a70000 - 0x00007ffa06ad9000 	C:\WINDOWS\system32\mswsock.dll
0x00007ff9fe940000 - 0x00007ff9fe956000 	C:\Program Files\Android\Android Studio\jbr\bin\nio.dll
0x00007ff9fd920000 - 0x00007ff9fd930000 	C:\Program Files\Android\Android Studio\jbr\bin\verify.dll
0x00007ff9f2d10000 - 0x00007ff9f2d37000 	C:\Users\adity\.gradle\native\c067742578af261105cb4f569cf0c3c89f3d7b1fecec35dd04571415982c5e48\windows-amd64\native-platform.dll
0x00007ff931250000 - 0x00007ff931394000 	C:\Users\adity\.gradle\native\38dada09dfb8b06ba9b0570ebf7e218e3eb74d4ef43ca46872605cf95ebc2f47\windows-amd64\native-platform-file-events.dll
0x00007ffa018f0000 - 0x00007ffa018f9000 	C:\Program Files\Android\Android Studio\jbr\bin\management.dll
0x00007ff9fff30000 - 0x00007ff9fff3b000 	C:\Program Files\Android\Android Studio\jbr\bin\management_ext.dll
0x00007ffa06d90000 - 0x00007ffa06dab000 	C:\WINDOWS\SYSTEM32\CRYPTSP.dll
0x00007ffa06560000 - 0x00007ffa06595000 	C:\WINDOWS\system32\rsaenh.dll
0x00007ffa06b10000 - 0x00007ffa06b3c000 	C:\WINDOWS\SYSTEM32\USERENV.dll
0x00007ffa06eb0000 - 0x00007ffa06ed8000 	C:\WINDOWS\SYSTEM32\bcrypt.dll
0x00007ffa06d70000 - 0x00007ffa06d7c000 	C:\WINDOWS\SYSTEM32\CRYPTBASE.dll
0x00007ffa05f80000 - 0x00007ffa05fad000 	C:\WINDOWS\SYSTEM32\IPHLPAPI.DLL
0x00007ffa08fd0000 - 0x00007ffa08fd9000 	C:\WINDOWS\System32\NSI.dll
0x00007ff9ffd20000 - 0x00007ff9ffd39000 	C:\WINDOWS\SYSTEM32\dhcpcsvc6.DLL
0x00007ff9ffd00000 - 0x00007ff9ffd1f000 	C:\WINDOWS\SYSTEM32\dhcpcsvc.DLL
0x00007ffa05fb0000 - 0x00007ffa060a9000 	C:\WINDOWS\SYSTEM32\DNSAPI.dll
0x00007ff9eb230000 - 0x00007ff9eb238000 	C:\WINDOWS\system32\wshunix.dll

dbghelp: loaded successfully - version: 4.0.5 - missing functions: none
symbol engine: initialized successfully - sym options: 0x614 - pdb path: .;C:\Program Files\Android\Android Studio\jbr\bin;C:\WINDOWS\SYSTEM32;C:\Program Files\Norton Security\NortonData\22.23.6.5\Definitions\IPSDefs\20240419.064;C:\WINDOWS\WinSxS\amd64_microsoft.windows.common-controls_6595b64144ccf1df_6.0.22621.2361_none_2712ced57382f843;C:\Program Files\Android\Android Studio\jbr\bin\server;C:\Users\adity\.gradle\native\c067742578af261105cb4f569cf0c3c89f3d7b1fecec35dd04571415982c5e48\windows-amd64;C:\Users\adity\.gradle\native\38dada09dfb8b06ba9b0570ebf7e218e3eb74d4ef43ca46872605cf95ebc2f47\windows-amd64

VM Arguments:
jvm_args: --add-opens=java.base/java.util=ALL-UNNAMED --add-opens=java.base/java.lang=ALL-UNNAMED --add-opens=java.base/java.lang.invoke=ALL-UNNAMED --add-opens=java.prefs/java.util.prefs=ALL-UNNAMED --add-opens=java.base/java.nio.charset=ALL-UNNAMED --add-opens=java.base/java.net=ALL-UNNAMED --add-opens=java.base/java.util.concurrent.atomic=ALL-UNNAMED -Xmx2048m -Dfile.encoding=UTF-8 -Duser.country=US -Duser.language=en -Duser.variant -javaagent:C:\Users\adity\.gradle\wrapper\dists\gradle-8.4-all\56r6xik2f6skrm47et0ibifug\gradle-8.4\lib\agents\gradle-instrumentation-agent-8.4.jar 
java_command: org.gradle.launcher.daemon.bootstrap.GradleDaemon 8.4
java_class_path (initial): C:\Users\adity\.gradle\wrapper\dists\gradle-8.4-all\56r6xik2f6skrm47et0ibifug\gradle-8.4\lib\gradle-launcher-8.4.jar
Launcher Type: SUN_STANDARD

[Global flags]
     intx CICompilerCount                          = 12                                        {product} {ergonomic}
     uint ConcGCThreads                            = 3                                         {product} {ergonomic}
     uint G1ConcRefinementThreads                  = 13                                        {product} {ergonomic}
   size_t G1HeapRegionSize                         = 1048576                                   {product} {ergonomic}
    uintx GCDrainStackTargetSize                   = 64                                        {product} {ergonomic}
   size_t InitialHeapSize                          = 255852544                                 {product} {ergonomic}
   size_t MarkStackSize                            = 4194304                                   {product} {ergonomic}
   size_t MaxHeapSize                              = 2147483648                                {product} {command line}
   size_t MaxNewSize                               = 1287651328                                {product} {ergonomic}
   size_t MinHeapDeltaBytes                        = 1048576                                   {product} {ergonomic}
   size_t MinHeapSize                              = 8388608                                   {product} {ergonomic}
    uintx NonNMethodCodeHeapSize                   = 7602480                                {pd product} {ergonomic}
    uintx NonProfiledCodeHeapSize                  = 122027880                              {pd product} {ergonomic}
    uintx ProfiledCodeHeapSize                     = 122027880                              {pd product} {ergonomic}
    uintx ReservedCodeCacheSize                    = 251658240                              {pd product} {ergonomic}
     bool SegmentedCodeCache                       = true                                      {product} {ergonomic}
   size_t SoftMaxHeapSize                          = 2147483648                             {manageable} {ergonomic}
     bool UseCompressedClassPointers               = true                           {product lp64_product} {ergonomic}
     bool UseCompressedOops                        = true                           {product lp64_product} {ergonomic}
     bool UseG1GC                                  = true                                      {product} {ergonomic}
     bool UseLargePagesIndividualAllocation        = false                                  {pd product} {ergonomic}

Logging:
Log output configuration:
 #0: stdout all=warning uptime,level,tags
 #1: stderr all=off uptime,level,tags

Environment Variables:
PATH=C:\Python312\Scripts\;C:\Python312\;C:\Program Files\Common Files\Oracle\Java\javapath;C:\Program Files (x86)\Common Files\Oracle\Java\javapath;C:\Program Files\Microsoft\jdk-11.0.16.101-hotspot\bin;C:\Windows\system32;C:\Windows;C:\Windows\System32\Wbem;C:\Windows\System32\WindowsPowerShell\v1.0\;C:\Windows\System32\OpenSSH\;C:\Program Files (x86)\NVIDIA Corporation\PhysX\Common;C:\Program Files\NVIDIA Corporation\NVIDIA NvDLISR;C:\Program Files\Microsoft SQL Server\150\Tools\Binn\;C:\Program Files\Microsoft SQL Server\Client SDK\ODBC\170\Tools\Binn\;C:\Program Files\dotnet\;C:\Program Files\Git\cmd;C:\WINDOWS\system32;C:\WINDOWS;C:\WINDOWS\System32\Wbem;C:\WINDOWS\System32\WindowsPowerShell\v1.0\;C:\WINDOWS\System32\OpenSSH\;;C:\Program Files (x86)\Microsoft SQL Server\160\Tools\Binn\;C:\Program Files\Microsoft SQL Server\160\Tools\Binn\;C:\Program Files\Microsoft SQL Server\160\DTS\Binn\;C:\Program Files (x86)\Microsoft SQL Server\160\DTS\Binn\;C:\Program Files\Azure Data Studio\bin;C:\Program Files\PuTTY\;C:\ProgramData\chocolatey\bin;C:\Program Files\nodejs\;C:\Program Files\Docker\Docker\resources\bin;C:\Users\adity\AppData\Local\Programs\Python\Python39\Scripts\;C:\Users\adity\AppData\Local\Programs\Python\Python39\;C:\Users\adity\AppData\Local\Programs\Python\Python311\Scripts\;C:\Users\adity\AppData\Local\Programs\Python\Python311\;C:\Users\adity\AppData\Local\Microsoft\WindowsApps;C:\Users\adity\AppData\Local\Programs\Microsoft VS Code\bin;C:\Users\adity\.dotnet\tools;C:\Users\adity\AppData\Local\GitHubDesktop\bin;;C:\Program Files\JetBrains\CLion 2023.2\bin;;C:\Program Files\JetBrains\IntelliJ IDEA 2023.2\bin;;C:\Users\adity\AppData\Local\Programs\MiKTeX\miktex\bin\x64\;C:\Program Files\Azure Data Studio\bin;C:\Users\adity\AppData\Roaming\npm;C:\Program Files\JetBrains\DataGrip 2023.3.4\bin;
USERNAME=adity
OS=Windows_NT
PROCESSOR_IDENTIFIER=AMD64 Family 25 Model 68 Stepping 1, AuthenticAMD
TMP=C:\Users\adity\AppData\Local\Temp
TEMP=C:\Users\adity\AppData\Local\Temp



Periodic native trim disabled

JNI global refs:
JNI global refs: 37, weak refs: 4

JNI global refs memory usage: 843, weak refs: 841

OOME stack traces (most recent first):
Classloader memory used:
Loader org.gradle.internal.classloader.VisitableURLClassLoader                         : 4117K
Loader org.gradle.internal.classloader.VisitableURLClassLoader$InstrumentingVisitableURLClassLoader: 3203K
Loader bootstrap                                                                       : 2916K
Loader org.gradle.initialization.MixInLegacyTypesClassLoader                           : 1211K
Loader jdk.internal.loader.ClassLoaders$PlatformClassLoader                            : 66347B
Loader jdk.internal.reflect.DelegatingClassLoader                                      : 64065B
Loader jdk.internal.loader.ClassLoaders$AppClassLoader                                 : 28453B
Loader org.gradle.groovy.scripts.internal.DefaultScriptCompilationHandler$ScriptClassLoader: 22383B
Loader org.codehaus.groovy.runtime.callsite.CallSiteClassLoader                        : 1520B

